[2023-07-08T15:34:47.166+0000] {taskinstance.py:1103} INFO - Dependencies all met for dep_context=non-requeueable deps ti=<TaskInstance: csv_to_postgres_dag2.read_csv scheduled__2023-01-10T00:00:00+00:00 [queued]>
[2023-07-08T15:34:47.182+0000] {taskinstance.py:1103} INFO - Dependencies all met for dep_context=requeueable deps ti=<TaskInstance: csv_to_postgres_dag2.read_csv scheduled__2023-01-10T00:00:00+00:00 [queued]>
[2023-07-08T15:34:47.183+0000] {taskinstance.py:1308} INFO - Starting attempt 1 of 2
[2023-07-08T15:34:47.205+0000] {taskinstance.py:1327} INFO - Executing <Task(PythonOperator): read_csv> on 2023-01-10 00:00:00+00:00
[2023-07-08T15:34:47.213+0000] {standard_task_runner.py:57} INFO - Started process 120 to run task
[2023-07-08T15:34:47.218+0000] {standard_task_runner.py:84} INFO - Running: ['***', 'tasks', 'run', 'csv_to_postgres_dag2', 'read_csv', 'scheduled__2023-01-10T00:00:00+00:00', '--job-id', '91', '--raw', '--subdir', 'DAGS_FOLDER/etl.py', '--cfg-path', '/tmp/tmpvp4daxhl']
[2023-07-08T15:34:47.226+0000] {standard_task_runner.py:85} INFO - Job 91: Subtask read_csv
[2023-07-08T15:34:47.302+0000] {task_command.py:410} INFO - Running <TaskInstance: csv_to_postgres_dag2.read_csv scheduled__2023-01-10T00:00:00+00:00 [running]> on host 9aa32a2a42d2
[2023-07-08T15:34:47.399+0000] {taskinstance.py:1547} INFO - Exporting env vars: AIRFLOW_CTX_DAG_OWNER='***' AIRFLOW_CTX_DAG_ID='csv_to_postgres_dag2' AIRFLOW_CTX_TASK_ID='read_csv' AIRFLOW_CTX_EXECUTION_DATE='2023-01-10T00:00:00+00:00' AIRFLOW_CTX_TRY_NUMBER='1' AIRFLOW_CTX_DAG_RUN_ID='scheduled__2023-01-10T00:00:00+00:00'
[2023-07-08T15:34:47.644+0000] {python.py:183} INFO - Done. Returned value was: None
[2023-07-08T15:34:47.659+0000] {taskinstance.py:1350} INFO - Marking task as SUCCESS. dag_id=csv_to_postgres_dag2, task_id=read_csv, execution_date=20230110T000000, start_date=20230708T153447, end_date=20230708T153447
[2023-07-08T15:34:47.711+0000] {local_task_job_runner.py:225} INFO - Task exited with return code 0
[2023-07-08T15:34:47.932+0000] {taskinstance.py:2653} INFO - 0 downstream tasks scheduled from follow-on schedule check
[2023-07-08T15:43:01.288+0000] {taskinstance.py:1103} INFO - Dependencies all met for dep_context=non-requeueable deps ti=<TaskInstance: csv_to_postgres_dag2.read_csv scheduled__2023-01-10T00:00:00+00:00 [queued]>
[2023-07-08T15:43:01.301+0000] {taskinstance.py:1103} INFO - Dependencies all met for dep_context=requeueable deps ti=<TaskInstance: csv_to_postgres_dag2.read_csv scheduled__2023-01-10T00:00:00+00:00 [queued]>
[2023-07-08T15:43:01.302+0000] {taskinstance.py:1308} INFO - Starting attempt 1 of 2
[2023-07-08T15:43:01.320+0000] {taskinstance.py:1327} INFO - Executing <Task(PythonOperator): read_csv> on 2023-01-10 00:00:00+00:00
[2023-07-08T15:43:01.326+0000] {standard_task_runner.py:57} INFO - Started process 131 to run task
[2023-07-08T15:43:01.332+0000] {standard_task_runner.py:84} INFO - Running: ['***', 'tasks', 'run', 'csv_to_postgres_dag2', 'read_csv', 'scheduled__2023-01-10T00:00:00+00:00', '--job-id', '145', '--raw', '--subdir', 'DAGS_FOLDER/etl.py', '--cfg-path', '/tmp/tmpwvpghm6d']
[2023-07-08T15:43:01.335+0000] {standard_task_runner.py:85} INFO - Job 145: Subtask read_csv
[2023-07-08T15:43:01.403+0000] {task_command.py:410} INFO - Running <TaskInstance: csv_to_postgres_dag2.read_csv scheduled__2023-01-10T00:00:00+00:00 [running]> on host 9aa32a2a42d2
[2023-07-08T15:43:01.570+0000] {taskinstance.py:1547} INFO - Exporting env vars: AIRFLOW_CTX_DAG_OWNER='***' AIRFLOW_CTX_DAG_ID='csv_to_postgres_dag2' AIRFLOW_CTX_TASK_ID='read_csv' AIRFLOW_CTX_EXECUTION_DATE='2023-01-10T00:00:00+00:00' AIRFLOW_CTX_TRY_NUMBER='1' AIRFLOW_CTX_DAG_RUN_ID='scheduled__2023-01-10T00:00:00+00:00'
[2023-07-08T15:43:01.820+0000] {python.py:183} INFO - Done. Returned value was: None
[2023-07-08T15:43:01.841+0000] {taskinstance.py:1350} INFO - Marking task as SUCCESS. dag_id=csv_to_postgres_dag2, task_id=read_csv, execution_date=20230110T000000, start_date=20230708T154301, end_date=20230708T154301
[2023-07-08T15:43:01.908+0000] {local_task_job_runner.py:225} INFO - Task exited with return code 0
[2023-07-08T15:43:01.967+0000] {taskinstance.py:2653} INFO - 1 downstream tasks scheduled from follow-on schedule check
