[2023-07-08T15:34:45.814+0000] {taskinstance.py:1103} INFO - Dependencies all met for dep_context=non-requeueable deps ti=<TaskInstance: csv_to_postgres_dag2.read_csv scheduled__2023-01-05T00:00:00+00:00 [queued]>
[2023-07-08T15:34:45.830+0000] {taskinstance.py:1103} INFO - Dependencies all met for dep_context=requeueable deps ti=<TaskInstance: csv_to_postgres_dag2.read_csv scheduled__2023-01-05T00:00:00+00:00 [queued]>
[2023-07-08T15:34:45.831+0000] {taskinstance.py:1308} INFO - Starting attempt 1 of 2
[2023-07-08T15:34:45.858+0000] {taskinstance.py:1327} INFO - Executing <Task(PythonOperator): read_csv> on 2023-01-05 00:00:00+00:00
[2023-07-08T15:34:45.864+0000] {standard_task_runner.py:57} INFO - Started process 90 to run task
[2023-07-08T15:34:45.869+0000] {standard_task_runner.py:84} INFO - Running: ['***', 'tasks', 'run', 'csv_to_postgres_dag2', 'read_csv', 'scheduled__2023-01-05T00:00:00+00:00', '--job-id', '83', '--raw', '--subdir', 'DAGS_FOLDER/etl.py', '--cfg-path', '/tmp/tmp2fm6a52v']
[2023-07-08T15:34:45.872+0000] {standard_task_runner.py:85} INFO - Job 83: Subtask read_csv
[2023-07-08T15:34:45.951+0000] {task_command.py:410} INFO - Running <TaskInstance: csv_to_postgres_dag2.read_csv scheduled__2023-01-05T00:00:00+00:00 [running]> on host 9aa32a2a42d2
[2023-07-08T15:34:46.066+0000] {taskinstance.py:1547} INFO - Exporting env vars: AIRFLOW_CTX_DAG_OWNER='***' AIRFLOW_CTX_DAG_ID='csv_to_postgres_dag2' AIRFLOW_CTX_TASK_ID='read_csv' AIRFLOW_CTX_EXECUTION_DATE='2023-01-05T00:00:00+00:00' AIRFLOW_CTX_TRY_NUMBER='1' AIRFLOW_CTX_DAG_RUN_ID='scheduled__2023-01-05T00:00:00+00:00'
[2023-07-08T15:34:46.218+0000] {python.py:183} INFO - Done. Returned value was: None
[2023-07-08T15:34:46.235+0000] {taskinstance.py:1350} INFO - Marking task as SUCCESS. dag_id=csv_to_postgres_dag2, task_id=read_csv, execution_date=20230105T000000, start_date=20230708T153445, end_date=20230708T153446
[2023-07-08T15:34:46.282+0000] {local_task_job_runner.py:225} INFO - Task exited with return code 0
[2023-07-08T15:34:46.334+0000] {taskinstance.py:2653} INFO - 1 downstream tasks scheduled from follow-on schedule check
[2023-07-08T15:42:59.870+0000] {taskinstance.py:1103} INFO - Dependencies all met for dep_context=non-requeueable deps ti=<TaskInstance: csv_to_postgres_dag2.read_csv scheduled__2023-01-05T00:00:00+00:00 [queued]>
[2023-07-08T15:42:59.889+0000] {taskinstance.py:1103} INFO - Dependencies all met for dep_context=requeueable deps ti=<TaskInstance: csv_to_postgres_dag2.read_csv scheduled__2023-01-05T00:00:00+00:00 [queued]>
[2023-07-08T15:42:59.890+0000] {taskinstance.py:1308} INFO - Starting attempt 1 of 2
[2023-07-08T15:42:59.920+0000] {taskinstance.py:1327} INFO - Executing <Task(PythonOperator): read_csv> on 2023-01-05 00:00:00+00:00
[2023-07-08T15:42:59.931+0000] {standard_task_runner.py:57} INFO - Started process 101 to run task
[2023-07-08T15:42:59.936+0000] {standard_task_runner.py:84} INFO - Running: ['***', 'tasks', 'run', 'csv_to_postgres_dag2', 'read_csv', 'scheduled__2023-01-05T00:00:00+00:00', '--job-id', '135', '--raw', '--subdir', 'DAGS_FOLDER/etl.py', '--cfg-path', '/tmp/tmp4u3_lzoy']
[2023-07-08T15:42:59.940+0000] {standard_task_runner.py:85} INFO - Job 135: Subtask read_csv
[2023-07-08T15:43:00.019+0000] {task_command.py:410} INFO - Running <TaskInstance: csv_to_postgres_dag2.read_csv scheduled__2023-01-05T00:00:00+00:00 [running]> on host 9aa32a2a42d2
[2023-07-08T15:43:00.143+0000] {taskinstance.py:1547} INFO - Exporting env vars: AIRFLOW_CTX_DAG_OWNER='***' AIRFLOW_CTX_DAG_ID='csv_to_postgres_dag2' AIRFLOW_CTX_TASK_ID='read_csv' AIRFLOW_CTX_EXECUTION_DATE='2023-01-05T00:00:00+00:00' AIRFLOW_CTX_TRY_NUMBER='1' AIRFLOW_CTX_DAG_RUN_ID='scheduled__2023-01-05T00:00:00+00:00'
[2023-07-08T15:43:00.301+0000] {python.py:183} INFO - Done. Returned value was: None
[2023-07-08T15:43:00.315+0000] {taskinstance.py:1350} INFO - Marking task as SUCCESS. dag_id=csv_to_postgres_dag2, task_id=read_csv, execution_date=20230105T000000, start_date=20230708T154259, end_date=20230708T154300
[2023-07-08T15:43:00.349+0000] {local_task_job_runner.py:225} INFO - Task exited with return code 0
[2023-07-08T15:43:00.405+0000] {taskinstance.py:2653} INFO - 1 downstream tasks scheduled from follow-on schedule check
