[2023-07-08T15:38:17.748+0000] {taskinstance.py:1103} INFO - Dependencies all met for dep_context=non-requeueable deps ti=<TaskInstance: csv_to_postgres_dag2.skip_create_table scheduled__2023-01-02T00:00:00+00:00 [queued]>
[2023-07-08T15:38:17.770+0000] {taskinstance.py:1103} INFO - Dependencies all met for dep_context=requeueable deps ti=<TaskInstance: csv_to_postgres_dag2.skip_create_table scheduled__2023-01-02T00:00:00+00:00 [queued]>
[2023-07-08T15:38:17.771+0000] {taskinstance.py:1308} INFO - Starting attempt 1 of 2
[2023-07-08T15:38:17.808+0000] {taskinstance.py:1327} INFO - Executing <Task(PythonOperator): skip_create_table> on 2023-01-02 00:00:00+00:00
[2023-07-08T15:38:17.819+0000] {standard_task_runner.py:57} INFO - Started process 100 to run task
[2023-07-08T15:38:17.828+0000] {standard_task_runner.py:84} INFO - Running: ['***', 'tasks', 'run', 'csv_to_postgres_dag2', 'skip_create_table', 'scheduled__2023-01-02T00:00:00+00:00', '--job-id', '114', '--raw', '--subdir', 'DAGS_FOLDER/etl.py', '--cfg-path', '/tmp/tmpfmzhjk4f']
[2023-07-08T15:38:17.837+0000] {standard_task_runner.py:85} INFO - Job 114: Subtask skip_create_table
[2023-07-08T15:38:18.013+0000] {task_command.py:410} INFO - Running <TaskInstance: csv_to_postgres_dag2.skip_create_table scheduled__2023-01-02T00:00:00+00:00 [running]> on host 9aa32a2a42d2
[2023-07-08T15:38:18.213+0000] {taskinstance.py:1547} INFO - Exporting env vars: AIRFLOW_CTX_DAG_OWNER='***' AIRFLOW_CTX_DAG_ID='csv_to_postgres_dag2' AIRFLOW_CTX_TASK_ID='skip_create_table' AIRFLOW_CTX_EXECUTION_DATE='2023-01-02T00:00:00+00:00' AIRFLOW_CTX_TRY_NUMBER='1' AIRFLOW_CTX_DAG_RUN_ID='scheduled__2023-01-02T00:00:00+00:00'
[2023-07-08T15:38:18.220+0000] {taskinstance.py:1824} ERROR - Task failed with exception
Traceback (most recent call last):
  File "/home/airflow/.local/lib/python3.7/site-packages/airflow/operators/python.py", line 181, in execute
    return_value = self.execute_callable()
  File "/home/airflow/.local/lib/python3.7/site-packages/airflow/operators/python.py", line 198, in execute_callable
    return self.python_callable(*self.op_args, **self.op_kwargs)
  File "/opt/airflow/dags/etl.py", line 70, in skip_create_table
    if Variable.get("table_created", default_var=None) == "True":
NameError: name 'Variable' is not defined
[2023-07-08T15:38:18.253+0000] {taskinstance.py:1350} INFO - Marking task as UP_FOR_RETRY. dag_id=csv_to_postgres_dag2, task_id=skip_create_table, execution_date=20230102T000000, start_date=20230708T153817, end_date=20230708T153818
[2023-07-08T15:38:18.279+0000] {standard_task_runner.py:109} ERROR - Failed to execute job 114 for task skip_create_table (name 'Variable' is not defined; 100)
[2023-07-08T15:38:18.332+0000] {local_task_job_runner.py:225} INFO - Task exited with return code 1
[2023-07-08T15:38:18.379+0000] {taskinstance.py:2653} INFO - 0 downstream tasks scheduled from follow-on schedule check
[2023-07-08T15:43:01.127+0000] {taskinstance.py:1103} INFO - Dependencies all met for dep_context=non-requeueable deps ti=<TaskInstance: csv_to_postgres_dag2.skip_create_table scheduled__2023-01-02T00:00:00+00:00 [queued]>
[2023-07-08T15:43:01.144+0000] {taskinstance.py:1103} INFO - Dependencies all met for dep_context=requeueable deps ti=<TaskInstance: csv_to_postgres_dag2.skip_create_table scheduled__2023-01-02T00:00:00+00:00 [queued]>
[2023-07-08T15:43:01.145+0000] {taskinstance.py:1308} INFO - Starting attempt 1 of 2
[2023-07-08T15:43:01.169+0000] {taskinstance.py:1327} INFO - Executing <Task(PythonOperator): skip_create_table> on 2023-01-02 00:00:00+00:00
[2023-07-08T15:43:01.177+0000] {standard_task_runner.py:57} INFO - Started process 127 to run task
[2023-07-08T15:43:01.183+0000] {standard_task_runner.py:84} INFO - Running: ['***', 'tasks', 'run', 'csv_to_postgres_dag2', 'skip_create_table', 'scheduled__2023-01-02T00:00:00+00:00', '--job-id', '142', '--raw', '--subdir', 'DAGS_FOLDER/etl.py', '--cfg-path', '/tmp/tmpywm4l4gp']
[2023-07-08T15:43:01.186+0000] {standard_task_runner.py:85} INFO - Job 142: Subtask skip_create_table
[2023-07-08T15:43:01.262+0000] {task_command.py:410} INFO - Running <TaskInstance: csv_to_postgres_dag2.skip_create_table scheduled__2023-01-02T00:00:00+00:00 [running]> on host 9aa32a2a42d2
[2023-07-08T15:43:01.356+0000] {taskinstance.py:1547} INFO - Exporting env vars: AIRFLOW_CTX_DAG_OWNER='***' AIRFLOW_CTX_DAG_ID='csv_to_postgres_dag2' AIRFLOW_CTX_TASK_ID='skip_create_table' AIRFLOW_CTX_EXECUTION_DATE='2023-01-02T00:00:00+00:00' AIRFLOW_CTX_TRY_NUMBER='1' AIRFLOW_CTX_DAG_RUN_ID='scheduled__2023-01-02T00:00:00+00:00'
[2023-07-08T15:43:01.366+0000] {python.py:183} INFO - Done. Returned value was: create_postgres_table
[2023-07-08T15:43:01.392+0000] {taskinstance.py:1350} INFO - Marking task as SUCCESS. dag_id=csv_to_postgres_dag2, task_id=skip_create_table, execution_date=20230102T000000, start_date=20230708T154301, end_date=20230708T154301
[2023-07-08T15:43:01.435+0000] {local_task_job_runner.py:225} INFO - Task exited with return code 0
[2023-07-08T15:43:01.471+0000] {taskinstance.py:2653} INFO - 2 downstream tasks scheduled from follow-on schedule check
