[2023-07-08T15:34:45.474+0000] {taskinstance.py:1103} INFO - Dependencies all met for dep_context=non-requeueable deps ti=<TaskInstance: csv_to_postgres_dag2.read_csv scheduled__2023-01-03T00:00:00+00:00 [queued]>
[2023-07-08T15:34:45.491+0000] {taskinstance.py:1103} INFO - Dependencies all met for dep_context=requeueable deps ti=<TaskInstance: csv_to_postgres_dag2.read_csv scheduled__2023-01-03T00:00:00+00:00 [queued]>
[2023-07-08T15:34:45.492+0000] {taskinstance.py:1308} INFO - Starting attempt 1 of 2
[2023-07-08T15:34:45.577+0000] {taskinstance.py:1327} INFO - Executing <Task(PythonOperator): read_csv> on 2023-01-03 00:00:00+00:00
[2023-07-08T15:34:45.584+0000] {standard_task_runner.py:57} INFO - Started process 85 to run task
[2023-07-08T15:34:45.588+0000] {standard_task_runner.py:84} INFO - Running: ['***', 'tasks', 'run', 'csv_to_postgres_dag2', 'read_csv', 'scheduled__2023-01-03T00:00:00+00:00', '--job-id', '81', '--raw', '--subdir', 'DAGS_FOLDER/etl.py', '--cfg-path', '/tmp/tmpcs00uwl5']
[2023-07-08T15:34:45.591+0000] {standard_task_runner.py:85} INFO - Job 81: Subtask read_csv
[2023-07-08T15:34:45.668+0000] {task_command.py:410} INFO - Running <TaskInstance: csv_to_postgres_dag2.read_csv scheduled__2023-01-03T00:00:00+00:00 [running]> on host 9aa32a2a42d2
[2023-07-08T15:34:45.780+0000] {taskinstance.py:1547} INFO - Exporting env vars: AIRFLOW_CTX_DAG_OWNER='***' AIRFLOW_CTX_DAG_ID='csv_to_postgres_dag2' AIRFLOW_CTX_TASK_ID='read_csv' AIRFLOW_CTX_EXECUTION_DATE='2023-01-03T00:00:00+00:00' AIRFLOW_CTX_TRY_NUMBER='1' AIRFLOW_CTX_DAG_RUN_ID='scheduled__2023-01-03T00:00:00+00:00'
[2023-07-08T15:34:45.930+0000] {python.py:183} INFO - Done. Returned value was: None
[2023-07-08T15:34:45.945+0000] {taskinstance.py:1350} INFO - Marking task as SUCCESS. dag_id=csv_to_postgres_dag2, task_id=read_csv, execution_date=20230103T000000, start_date=20230708T153445, end_date=20230708T153445
[2023-07-08T15:34:46.000+0000] {local_task_job_runner.py:225} INFO - Task exited with return code 0
[2023-07-08T15:34:46.041+0000] {taskinstance.py:2653} INFO - 1 downstream tasks scheduled from follow-on schedule check
[2023-07-08T15:42:59.500+0000] {taskinstance.py:1103} INFO - Dependencies all met for dep_context=non-requeueable deps ti=<TaskInstance: csv_to_postgres_dag2.read_csv scheduled__2023-01-03T00:00:00+00:00 [queued]>
[2023-07-08T15:42:59.515+0000] {taskinstance.py:1103} INFO - Dependencies all met for dep_context=requeueable deps ti=<TaskInstance: csv_to_postgres_dag2.read_csv scheduled__2023-01-03T00:00:00+00:00 [queued]>
[2023-07-08T15:42:59.516+0000] {taskinstance.py:1308} INFO - Starting attempt 1 of 2
[2023-07-08T15:42:59.608+0000] {taskinstance.py:1327} INFO - Executing <Task(PythonOperator): read_csv> on 2023-01-03 00:00:00+00:00
[2023-07-08T15:42:59.615+0000] {standard_task_runner.py:57} INFO - Started process 94 to run task
[2023-07-08T15:42:59.621+0000] {standard_task_runner.py:84} INFO - Running: ['***', 'tasks', 'run', 'csv_to_postgres_dag2', 'read_csv', 'scheduled__2023-01-03T00:00:00+00:00', '--job-id', '133', '--raw', '--subdir', 'DAGS_FOLDER/etl.py', '--cfg-path', '/tmp/tmp0m4yfazs']
[2023-07-08T15:42:59.625+0000] {standard_task_runner.py:85} INFO - Job 133: Subtask read_csv
[2023-07-08T15:42:59.696+0000] {task_command.py:410} INFO - Running <TaskInstance: csv_to_postgres_dag2.read_csv scheduled__2023-01-03T00:00:00+00:00 [running]> on host 9aa32a2a42d2
[2023-07-08T15:42:59.811+0000] {taskinstance.py:1547} INFO - Exporting env vars: AIRFLOW_CTX_DAG_OWNER='***' AIRFLOW_CTX_DAG_ID='csv_to_postgres_dag2' AIRFLOW_CTX_TASK_ID='read_csv' AIRFLOW_CTX_EXECUTION_DATE='2023-01-03T00:00:00+00:00' AIRFLOW_CTX_TRY_NUMBER='1' AIRFLOW_CTX_DAG_RUN_ID='scheduled__2023-01-03T00:00:00+00:00'
[2023-07-08T15:42:59.979+0000] {python.py:183} INFO - Done. Returned value was: None
[2023-07-08T15:42:59.995+0000] {taskinstance.py:1350} INFO - Marking task as SUCCESS. dag_id=csv_to_postgres_dag2, task_id=read_csv, execution_date=20230103T000000, start_date=20230708T154259, end_date=20230708T154259
[2023-07-08T15:43:00.034+0000] {local_task_job_runner.py:225} INFO - Task exited with return code 0
[2023-07-08T15:43:00.081+0000] {taskinstance.py:2653} INFO - 1 downstream tasks scheduled from follow-on schedule check
