[2023-07-08T15:34:46.052+0000] {taskinstance.py:1103} INFO - Dependencies all met for dep_context=non-requeueable deps ti=<TaskInstance: csv_to_postgres_dag2.read_csv scheduled__2023-01-06T00:00:00+00:00 [queued]>
[2023-07-08T15:34:46.068+0000] {taskinstance.py:1103} INFO - Dependencies all met for dep_context=requeueable deps ti=<TaskInstance: csv_to_postgres_dag2.read_csv scheduled__2023-01-06T00:00:00+00:00 [queued]>
[2023-07-08T15:34:46.069+0000] {taskinstance.py:1308} INFO - Starting attempt 1 of 2
[2023-07-08T15:34:46.088+0000] {taskinstance.py:1327} INFO - Executing <Task(PythonOperator): read_csv> on 2023-01-06 00:00:00+00:00
[2023-07-08T15:34:46.095+0000] {standard_task_runner.py:57} INFO - Started process 96 to run task
[2023-07-08T15:34:46.100+0000] {standard_task_runner.py:84} INFO - Running: ['***', 'tasks', 'run', 'csv_to_postgres_dag2', 'read_csv', 'scheduled__2023-01-06T00:00:00+00:00', '--job-id', '84', '--raw', '--subdir', 'DAGS_FOLDER/etl.py', '--cfg-path', '/tmp/tmpmeiw61vc']
[2023-07-08T15:34:46.104+0000] {standard_task_runner.py:85} INFO - Job 84: Subtask read_csv
[2023-07-08T15:34:46.177+0000] {task_command.py:410} INFO - Running <TaskInstance: csv_to_postgres_dag2.read_csv scheduled__2023-01-06T00:00:00+00:00 [running]> on host 9aa32a2a42d2
[2023-07-08T15:34:46.313+0000] {taskinstance.py:1547} INFO - Exporting env vars: AIRFLOW_CTX_DAG_OWNER='***' AIRFLOW_CTX_DAG_ID='csv_to_postgres_dag2' AIRFLOW_CTX_TASK_ID='read_csv' AIRFLOW_CTX_EXECUTION_DATE='2023-01-06T00:00:00+00:00' AIRFLOW_CTX_TRY_NUMBER='1' AIRFLOW_CTX_DAG_RUN_ID='scheduled__2023-01-06T00:00:00+00:00'
[2023-07-08T15:34:46.504+0000] {python.py:183} INFO - Done. Returned value was: None
[2023-07-08T15:34:46.520+0000] {taskinstance.py:1350} INFO - Marking task as SUCCESS. dag_id=csv_to_postgres_dag2, task_id=read_csv, execution_date=20230106T000000, start_date=20230708T153446, end_date=20230708T153446
[2023-07-08T15:34:46.552+0000] {local_task_job_runner.py:225} INFO - Task exited with return code 0
[2023-07-08T15:34:46.700+0000] {taskinstance.py:2653} INFO - 0 downstream tasks scheduled from follow-on schedule check
[2023-07-08T15:43:00.079+0000] {taskinstance.py:1103} INFO - Dependencies all met for dep_context=non-requeueable deps ti=<TaskInstance: csv_to_postgres_dag2.read_csv scheduled__2023-01-06T00:00:00+00:00 [queued]>
[2023-07-08T15:43:00.097+0000] {taskinstance.py:1103} INFO - Dependencies all met for dep_context=requeueable deps ti=<TaskInstance: csv_to_postgres_dag2.read_csv scheduled__2023-01-06T00:00:00+00:00 [queued]>
[2023-07-08T15:43:00.098+0000] {taskinstance.py:1308} INFO - Starting attempt 1 of 2
[2023-07-08T15:43:00.122+0000] {taskinstance.py:1327} INFO - Executing <Task(PythonOperator): read_csv> on 2023-01-06 00:00:00+00:00
[2023-07-08T15:43:00.129+0000] {standard_task_runner.py:57} INFO - Started process 105 to run task
[2023-07-08T15:43:00.134+0000] {standard_task_runner.py:84} INFO - Running: ['***', 'tasks', 'run', 'csv_to_postgres_dag2', 'read_csv', 'scheduled__2023-01-06T00:00:00+00:00', '--job-id', '136', '--raw', '--subdir', 'DAGS_FOLDER/etl.py', '--cfg-path', '/tmp/tmpu7zz0sel']
[2023-07-08T15:43:00.138+0000] {standard_task_runner.py:85} INFO - Job 136: Subtask read_csv
[2023-07-08T15:43:00.207+0000] {task_command.py:410} INFO - Running <TaskInstance: csv_to_postgres_dag2.read_csv scheduled__2023-01-06T00:00:00+00:00 [running]> on host 9aa32a2a42d2
[2023-07-08T15:43:00.320+0000] {taskinstance.py:1547} INFO - Exporting env vars: AIRFLOW_CTX_DAG_OWNER='***' AIRFLOW_CTX_DAG_ID='csv_to_postgres_dag2' AIRFLOW_CTX_TASK_ID='read_csv' AIRFLOW_CTX_EXECUTION_DATE='2023-01-06T00:00:00+00:00' AIRFLOW_CTX_TRY_NUMBER='1' AIRFLOW_CTX_DAG_RUN_ID='scheduled__2023-01-06T00:00:00+00:00'
[2023-07-08T15:43:00.505+0000] {python.py:183} INFO - Done. Returned value was: None
[2023-07-08T15:43:00.519+0000] {taskinstance.py:1350} INFO - Marking task as SUCCESS. dag_id=csv_to_postgres_dag2, task_id=read_csv, execution_date=20230106T000000, start_date=20230708T154300, end_date=20230708T154300
[2023-07-08T15:43:00.546+0000] {local_task_job_runner.py:225} INFO - Task exited with return code 0
[2023-07-08T15:43:00.593+0000] {taskinstance.py:2653} INFO - 1 downstream tasks scheduled from follow-on schedule check
