[2023-07-08T15:34:46.748+0000] {taskinstance.py:1103} INFO - Dependencies all met for dep_context=non-requeueable deps ti=<TaskInstance: csv_to_postgres_dag2.read_csv scheduled__2023-01-09T00:00:00+00:00 [queued]>
[2023-07-08T15:34:46.763+0000] {taskinstance.py:1103} INFO - Dependencies all met for dep_context=requeueable deps ti=<TaskInstance: csv_to_postgres_dag2.read_csv scheduled__2023-01-09T00:00:00+00:00 [queued]>
[2023-07-08T15:34:46.764+0000] {taskinstance.py:1308} INFO - Starting attempt 1 of 2
[2023-07-08T15:34:46.790+0000] {taskinstance.py:1327} INFO - Executing <Task(PythonOperator): read_csv> on 2023-01-09 00:00:00+00:00
[2023-07-08T15:34:46.798+0000] {standard_task_runner.py:57} INFO - Started process 111 to run task
[2023-07-08T15:34:46.803+0000] {standard_task_runner.py:84} INFO - Running: ['***', 'tasks', 'run', 'csv_to_postgres_dag2', 'read_csv', 'scheduled__2023-01-09T00:00:00+00:00', '--job-id', '88', '--raw', '--subdir', 'DAGS_FOLDER/etl.py', '--cfg-path', '/tmp/tmpps72p41v']
[2023-07-08T15:34:46.806+0000] {standard_task_runner.py:85} INFO - Job 88: Subtask read_csv
[2023-07-08T15:34:46.888+0000] {task_command.py:410} INFO - Running <TaskInstance: csv_to_postgres_dag2.read_csv scheduled__2023-01-09T00:00:00+00:00 [running]> on host 9aa32a2a42d2
[2023-07-08T15:34:46.995+0000] {taskinstance.py:1547} INFO - Exporting env vars: AIRFLOW_CTX_DAG_OWNER='***' AIRFLOW_CTX_DAG_ID='csv_to_postgres_dag2' AIRFLOW_CTX_TASK_ID='read_csv' AIRFLOW_CTX_EXECUTION_DATE='2023-01-09T00:00:00+00:00' AIRFLOW_CTX_TRY_NUMBER='1' AIRFLOW_CTX_DAG_RUN_ID='scheduled__2023-01-09T00:00:00+00:00'
[2023-07-08T15:34:47.179+0000] {python.py:183} INFO - Done. Returned value was: None
[2023-07-08T15:34:47.193+0000] {taskinstance.py:1350} INFO - Marking task as SUCCESS. dag_id=csv_to_postgres_dag2, task_id=read_csv, execution_date=20230109T000000, start_date=20230708T153446, end_date=20230708T153447
[2023-07-08T15:34:47.256+0000] {local_task_job_runner.py:225} INFO - Task exited with return code 0
[2023-07-08T15:34:47.301+0000] {taskinstance.py:2653} INFO - 1 downstream tasks scheduled from follow-on schedule check
[2023-07-08T15:43:00.739+0000] {taskinstance.py:1103} INFO - Dependencies all met for dep_context=non-requeueable deps ti=<TaskInstance: csv_to_postgres_dag2.read_csv scheduled__2023-01-09T00:00:00+00:00 [queued]>
[2023-07-08T15:43:00.756+0000] {taskinstance.py:1103} INFO - Dependencies all met for dep_context=requeueable deps ti=<TaskInstance: csv_to_postgres_dag2.read_csv scheduled__2023-01-09T00:00:00+00:00 [queued]>
[2023-07-08T15:43:00.757+0000] {taskinstance.py:1308} INFO - Starting attempt 1 of 2
[2023-07-08T15:43:00.785+0000] {taskinstance.py:1327} INFO - Executing <Task(PythonOperator): read_csv> on 2023-01-09 00:00:00+00:00
[2023-07-08T15:43:00.794+0000] {standard_task_runner.py:57} INFO - Started process 119 to run task
[2023-07-08T15:43:00.800+0000] {standard_task_runner.py:84} INFO - Running: ['***', 'tasks', 'run', 'csv_to_postgres_dag2', 'read_csv', 'scheduled__2023-01-09T00:00:00+00:00', '--job-id', '139', '--raw', '--subdir', 'DAGS_FOLDER/etl.py', '--cfg-path', '/tmp/tmptj82l03z']
[2023-07-08T15:43:00.804+0000] {standard_task_runner.py:85} INFO - Job 139: Subtask read_csv
[2023-07-08T15:43:00.876+0000] {task_command.py:410} INFO - Running <TaskInstance: csv_to_postgres_dag2.read_csv scheduled__2023-01-09T00:00:00+00:00 [running]> on host 9aa32a2a42d2
[2023-07-08T15:43:00.980+0000] {taskinstance.py:1547} INFO - Exporting env vars: AIRFLOW_CTX_DAG_OWNER='***' AIRFLOW_CTX_DAG_ID='csv_to_postgres_dag2' AIRFLOW_CTX_TASK_ID='read_csv' AIRFLOW_CTX_EXECUTION_DATE='2023-01-09T00:00:00+00:00' AIRFLOW_CTX_TRY_NUMBER='1' AIRFLOW_CTX_DAG_RUN_ID='scheduled__2023-01-09T00:00:00+00:00'
[2023-07-08T15:43:01.145+0000] {python.py:183} INFO - Done. Returned value was: None
[2023-07-08T15:43:01.160+0000] {taskinstance.py:1350} INFO - Marking task as SUCCESS. dag_id=csv_to_postgres_dag2, task_id=read_csv, execution_date=20230109T000000, start_date=20230708T154300, end_date=20230708T154301
[2023-07-08T15:43:01.212+0000] {local_task_job_runner.py:225} INFO - Task exited with return code 0
[2023-07-08T15:43:01.253+0000] {taskinstance.py:2653} INFO - 1 downstream tasks scheduled from follow-on schedule check
