[2023-07-08T15:34:45.329+0000] {taskinstance.py:1103} INFO - Dependencies all met for dep_context=non-requeueable deps ti=<TaskInstance: csv_to_postgres_dag2.read_csv scheduled__2023-01-02T00:00:00+00:00 [queued]>
[2023-07-08T15:34:45.339+0000] {taskinstance.py:1103} INFO - Dependencies all met for dep_context=requeueable deps ti=<TaskInstance: csv_to_postgres_dag2.read_csv scheduled__2023-01-02T00:00:00+00:00 [queued]>
[2023-07-08T15:34:45.340+0000] {taskinstance.py:1308} INFO - Starting attempt 1 of 2
[2023-07-08T15:34:45.367+0000] {taskinstance.py:1327} INFO - Executing <Task(PythonOperator): read_csv> on 2023-01-02 00:00:00+00:00
[2023-07-08T15:34:45.374+0000] {standard_task_runner.py:57} INFO - Started process 82 to run task
[2023-07-08T15:34:45.378+0000] {standard_task_runner.py:84} INFO - Running: ['***', 'tasks', 'run', 'csv_to_postgres_dag2', 'read_csv', 'scheduled__2023-01-02T00:00:00+00:00', '--job-id', '80', '--raw', '--subdir', 'DAGS_FOLDER/etl.py', '--cfg-path', '/tmp/tmpvpfusysm']
[2023-07-08T15:34:45.381+0000] {standard_task_runner.py:85} INFO - Job 80: Subtask read_csv
[2023-07-08T15:34:45.450+0000] {task_command.py:410} INFO - Running <TaskInstance: csv_to_postgres_dag2.read_csv scheduled__2023-01-02T00:00:00+00:00 [running]> on host 9aa32a2a42d2
[2023-07-08T15:34:45.550+0000] {taskinstance.py:1547} INFO - Exporting env vars: AIRFLOW_CTX_DAG_OWNER='***' AIRFLOW_CTX_DAG_ID='csv_to_postgres_dag2' AIRFLOW_CTX_TASK_ID='read_csv' AIRFLOW_CTX_EXECUTION_DATE='2023-01-02T00:00:00+00:00' AIRFLOW_CTX_TRY_NUMBER='1' AIRFLOW_CTX_DAG_RUN_ID='scheduled__2023-01-02T00:00:00+00:00'
[2023-07-08T15:34:45.715+0000] {python.py:183} INFO - Done. Returned value was: None
[2023-07-08T15:34:45.730+0000] {taskinstance.py:1350} INFO - Marking task as SUCCESS. dag_id=csv_to_postgres_dag2, task_id=read_csv, execution_date=20230102T000000, start_date=20230708T153445, end_date=20230708T153445
[2023-07-08T15:34:45.832+0000] {local_task_job_runner.py:225} INFO - Task exited with return code 0
[2023-07-08T15:34:45.875+0000] {taskinstance.py:2653} INFO - 1 downstream tasks scheduled from follow-on schedule check
[2023-07-08T15:42:59.339+0000] {taskinstance.py:1103} INFO - Dependencies all met for dep_context=non-requeueable deps ti=<TaskInstance: csv_to_postgres_dag2.read_csv scheduled__2023-01-02T00:00:00+00:00 [queued]>
[2023-07-08T15:42:59.352+0000] {taskinstance.py:1103} INFO - Dependencies all met for dep_context=requeueable deps ti=<TaskInstance: csv_to_postgres_dag2.read_csv scheduled__2023-01-02T00:00:00+00:00 [queued]>
[2023-07-08T15:42:59.353+0000] {taskinstance.py:1308} INFO - Starting attempt 1 of 2
[2023-07-08T15:42:59.385+0000] {taskinstance.py:1327} INFO - Executing <Task(PythonOperator): read_csv> on 2023-01-02 00:00:00+00:00
[2023-07-08T15:42:59.391+0000] {standard_task_runner.py:57} INFO - Started process 91 to run task
[2023-07-08T15:42:59.397+0000] {standard_task_runner.py:84} INFO - Running: ['***', 'tasks', 'run', 'csv_to_postgres_dag2', 'read_csv', 'scheduled__2023-01-02T00:00:00+00:00', '--job-id', '132', '--raw', '--subdir', 'DAGS_FOLDER/etl.py', '--cfg-path', '/tmp/tmpvj2vz9gs']
[2023-07-08T15:42:59.400+0000] {standard_task_runner.py:85} INFO - Job 132: Subtask read_csv
[2023-07-08T15:42:59.479+0000] {task_command.py:410} INFO - Running <TaskInstance: csv_to_postgres_dag2.read_csv scheduled__2023-01-02T00:00:00+00:00 [running]> on host 9aa32a2a42d2
[2023-07-08T15:42:59.586+0000] {taskinstance.py:1547} INFO - Exporting env vars: AIRFLOW_CTX_DAG_OWNER='***' AIRFLOW_CTX_DAG_ID='csv_to_postgres_dag2' AIRFLOW_CTX_TASK_ID='read_csv' AIRFLOW_CTX_EXECUTION_DATE='2023-01-02T00:00:00+00:00' AIRFLOW_CTX_TRY_NUMBER='1' AIRFLOW_CTX_DAG_RUN_ID='scheduled__2023-01-02T00:00:00+00:00'
[2023-07-08T15:42:59.746+0000] {python.py:183} INFO - Done. Returned value was: None
[2023-07-08T15:42:59.764+0000] {taskinstance.py:1350} INFO - Marking task as SUCCESS. dag_id=csv_to_postgres_dag2, task_id=read_csv, execution_date=20230102T000000, start_date=20230708T154259, end_date=20230708T154259
[2023-07-08T15:42:59.890+0000] {local_task_job_runner.py:225} INFO - Task exited with return code 0
[2023-07-08T15:42:59.940+0000] {taskinstance.py:2653} INFO - 1 downstream tasks scheduled from follow-on schedule check
