[2023-07-08T15:34:48.059+0000] {taskinstance.py:1103} INFO - Dependencies all met for dep_context=non-requeueable deps ti=<TaskInstance: csv_to_postgres_dag2.read_csv scheduled__2023-01-12T00:00:00+00:00 [queued]>
[2023-07-08T15:34:48.076+0000] {taskinstance.py:1103} INFO - Dependencies all met for dep_context=requeueable deps ti=<TaskInstance: csv_to_postgres_dag2.read_csv scheduled__2023-01-12T00:00:00+00:00 [queued]>
[2023-07-08T15:34:48.077+0000] {taskinstance.py:1308} INFO - Starting attempt 1 of 2
[2023-07-08T15:34:48.104+0000] {taskinstance.py:1327} INFO - Executing <Task(PythonOperator): read_csv> on 2023-01-12 00:00:00+00:00
[2023-07-08T15:34:48.112+0000] {standard_task_runner.py:57} INFO - Started process 137 to run task
[2023-07-08T15:34:48.118+0000] {standard_task_runner.py:84} INFO - Running: ['***', 'tasks', 'run', 'csv_to_postgres_dag2', 'read_csv', 'scheduled__2023-01-12T00:00:00+00:00', '--job-id', '98', '--raw', '--subdir', 'DAGS_FOLDER/etl.py', '--cfg-path', '/tmp/tmpvd8iqpg7']
[2023-07-08T15:34:48.122+0000] {standard_task_runner.py:85} INFO - Job 98: Subtask read_csv
[2023-07-08T15:34:48.192+0000] {task_command.py:410} INFO - Running <TaskInstance: csv_to_postgres_dag2.read_csv scheduled__2023-01-12T00:00:00+00:00 [running]> on host 9aa32a2a42d2
[2023-07-08T15:34:48.293+0000] {taskinstance.py:1547} INFO - Exporting env vars: AIRFLOW_CTX_DAG_OWNER='***' AIRFLOW_CTX_DAG_ID='csv_to_postgres_dag2' AIRFLOW_CTX_TASK_ID='read_csv' AIRFLOW_CTX_EXECUTION_DATE='2023-01-12T00:00:00+00:00' AIRFLOW_CTX_TRY_NUMBER='1' AIRFLOW_CTX_DAG_RUN_ID='scheduled__2023-01-12T00:00:00+00:00'
[2023-07-08T15:34:48.473+0000] {python.py:183} INFO - Done. Returned value was: None
[2023-07-08T15:34:48.483+0000] {taskinstance.py:1350} INFO - Marking task as SUCCESS. dag_id=csv_to_postgres_dag2, task_id=read_csv, execution_date=20230112T000000, start_date=20230708T153448, end_date=20230708T153448
[2023-07-08T15:34:48.572+0000] {local_task_job_runner.py:225} INFO - Task exited with return code 0
[2023-07-08T15:34:48.612+0000] {taskinstance.py:2653} INFO - 1 downstream tasks scheduled from follow-on schedule check
[2023-07-08T15:43:02.093+0000] {taskinstance.py:1103} INFO - Dependencies all met for dep_context=non-requeueable deps ti=<TaskInstance: csv_to_postgres_dag2.read_csv scheduled__2023-01-12T00:00:00+00:00 [queued]>
[2023-07-08T15:43:02.106+0000] {taskinstance.py:1103} INFO - Dependencies all met for dep_context=requeueable deps ti=<TaskInstance: csv_to_postgres_dag2.read_csv scheduled__2023-01-12T00:00:00+00:00 [queued]>
[2023-07-08T15:43:02.107+0000] {taskinstance.py:1308} INFO - Starting attempt 1 of 2
[2023-07-08T15:43:02.128+0000] {taskinstance.py:1327} INFO - Executing <Task(PythonOperator): read_csv> on 2023-01-12 00:00:00+00:00
[2023-07-08T15:43:02.136+0000] {standard_task_runner.py:57} INFO - Started process 151 to run task
[2023-07-08T15:43:02.141+0000] {standard_task_runner.py:84} INFO - Running: ['***', 'tasks', 'run', 'csv_to_postgres_dag2', 'read_csv', 'scheduled__2023-01-12T00:00:00+00:00', '--job-id', '149', '--raw', '--subdir', 'DAGS_FOLDER/etl.py', '--cfg-path', '/tmp/tmptxcg9m30']
[2023-07-08T15:43:02.145+0000] {standard_task_runner.py:85} INFO - Job 149: Subtask read_csv
[2023-07-08T15:43:02.215+0000] {task_command.py:410} INFO - Running <TaskInstance: csv_to_postgres_dag2.read_csv scheduled__2023-01-12T00:00:00+00:00 [running]> on host 9aa32a2a42d2
[2023-07-08T15:43:02.356+0000] {taskinstance.py:1547} INFO - Exporting env vars: AIRFLOW_CTX_DAG_OWNER='***' AIRFLOW_CTX_DAG_ID='csv_to_postgres_dag2' AIRFLOW_CTX_TASK_ID='read_csv' AIRFLOW_CTX_EXECUTION_DATE='2023-01-12T00:00:00+00:00' AIRFLOW_CTX_TRY_NUMBER='1' AIRFLOW_CTX_DAG_RUN_ID='scheduled__2023-01-12T00:00:00+00:00'
[2023-07-08T15:43:02.584+0000] {python.py:183} INFO - Done. Returned value was: None
[2023-07-08T15:43:02.600+0000] {taskinstance.py:1350} INFO - Marking task as SUCCESS. dag_id=csv_to_postgres_dag2, task_id=read_csv, execution_date=20230112T000000, start_date=20230708T154302, end_date=20230708T154302
[2023-07-08T15:43:02.635+0000] {local_task_job_runner.py:225} INFO - Task exited with return code 0
[2023-07-08T15:43:02.836+0000] {taskinstance.py:2653} INFO - 0 downstream tasks scheduled from follow-on schedule check
