[2023-07-08T15:34:48.704+0000] {taskinstance.py:1103} INFO - Dependencies all met for dep_context=non-requeueable deps ti=<TaskInstance: csv_to_postgres_dag2.read_csv scheduled__2023-01-14T00:00:00+00:00 [queued]>
[2023-07-08T15:34:48.716+0000] {taskinstance.py:1103} INFO - Dependencies all met for dep_context=requeueable deps ti=<TaskInstance: csv_to_postgres_dag2.read_csv scheduled__2023-01-14T00:00:00+00:00 [queued]>
[2023-07-08T15:34:48.717+0000] {taskinstance.py:1308} INFO - Starting attempt 1 of 2
[2023-07-08T15:34:48.802+0000] {taskinstance.py:1327} INFO - Executing <Task(PythonOperator): read_csv> on 2023-01-14 00:00:00+00:00
[2023-07-08T15:34:48.809+0000] {standard_task_runner.py:57} INFO - Started process 147 to run task
[2023-07-08T15:34:48.813+0000] {standard_task_runner.py:84} INFO - Running: ['***', 'tasks', 'run', 'csv_to_postgres_dag2', 'read_csv', 'scheduled__2023-01-14T00:00:00+00:00', '--job-id', '102', '--raw', '--subdir', 'DAGS_FOLDER/etl.py', '--cfg-path', '/tmp/tmpvv0rkwze']
[2023-07-08T15:34:48.816+0000] {standard_task_runner.py:85} INFO - Job 102: Subtask read_csv
[2023-07-08T15:34:48.882+0000] {task_command.py:410} INFO - Running <TaskInstance: csv_to_postgres_dag2.read_csv scheduled__2023-01-14T00:00:00+00:00 [running]> on host 9aa32a2a42d2
[2023-07-08T15:34:48.959+0000] {taskinstance.py:1547} INFO - Exporting env vars: AIRFLOW_CTX_DAG_OWNER='***' AIRFLOW_CTX_DAG_ID='csv_to_postgres_dag2' AIRFLOW_CTX_TASK_ID='read_csv' AIRFLOW_CTX_EXECUTION_DATE='2023-01-14T00:00:00+00:00' AIRFLOW_CTX_TRY_NUMBER='1' AIRFLOW_CTX_DAG_RUN_ID='scheduled__2023-01-14T00:00:00+00:00'
[2023-07-08T15:34:49.106+0000] {python.py:183} INFO - Done. Returned value was: None
[2023-07-08T15:34:49.121+0000] {taskinstance.py:1350} INFO - Marking task as SUCCESS. dag_id=csv_to_postgres_dag2, task_id=read_csv, execution_date=20230114T000000, start_date=20230708T153448, end_date=20230708T153449
[2023-07-08T15:34:49.186+0000] {local_task_job_runner.py:225} INFO - Task exited with return code 0
[2023-07-08T15:34:49.212+0000] {taskinstance.py:2653} INFO - 1 downstream tasks scheduled from follow-on schedule check
[2023-07-08T15:43:03.335+0000] {taskinstance.py:1103} INFO - Dependencies all met for dep_context=non-requeueable deps ti=<TaskInstance: csv_to_postgres_dag2.read_csv scheduled__2023-01-14T00:00:00+00:00 [queued]>
[2023-07-08T15:43:03.354+0000] {taskinstance.py:1103} INFO - Dependencies all met for dep_context=requeueable deps ti=<TaskInstance: csv_to_postgres_dag2.read_csv scheduled__2023-01-14T00:00:00+00:00 [queued]>
[2023-07-08T15:43:03.355+0000] {taskinstance.py:1308} INFO - Starting attempt 1 of 2
[2023-07-08T15:43:03.381+0000] {taskinstance.py:1327} INFO - Executing <Task(PythonOperator): read_csv> on 2023-01-14 00:00:00+00:00
[2023-07-08T15:43:03.392+0000] {standard_task_runner.py:57} INFO - Started process 182 to run task
[2023-07-08T15:43:03.397+0000] {standard_task_runner.py:84} INFO - Running: ['***', 'tasks', 'run', 'csv_to_postgres_dag2', 'read_csv', 'scheduled__2023-01-14T00:00:00+00:00', '--job-id', '159', '--raw', '--subdir', 'DAGS_FOLDER/etl.py', '--cfg-path', '/tmp/tmp_7i4pacj']
[2023-07-08T15:43:03.401+0000] {standard_task_runner.py:85} INFO - Job 159: Subtask read_csv
[2023-07-08T15:43:03.484+0000] {task_command.py:410} INFO - Running <TaskInstance: csv_to_postgres_dag2.read_csv scheduled__2023-01-14T00:00:00+00:00 [running]> on host 9aa32a2a42d2
[2023-07-08T15:43:03.601+0000] {taskinstance.py:1547} INFO - Exporting env vars: AIRFLOW_CTX_DAG_OWNER='***' AIRFLOW_CTX_DAG_ID='csv_to_postgres_dag2' AIRFLOW_CTX_TASK_ID='read_csv' AIRFLOW_CTX_EXECUTION_DATE='2023-01-14T00:00:00+00:00' AIRFLOW_CTX_TRY_NUMBER='1' AIRFLOW_CTX_DAG_RUN_ID='scheduled__2023-01-14T00:00:00+00:00'
[2023-07-08T15:43:03.779+0000] {python.py:183} INFO - Done. Returned value was: None
[2023-07-08T15:43:03.798+0000] {taskinstance.py:1350} INFO - Marking task as SUCCESS. dag_id=csv_to_postgres_dag2, task_id=read_csv, execution_date=20230114T000000, start_date=20230708T154303, end_date=20230708T154303
[2023-07-08T15:43:03.850+0000] {local_task_job_runner.py:225} INFO - Task exited with return code 0
[2023-07-08T15:43:03.902+0000] {taskinstance.py:2653} INFO - 1 downstream tasks scheduled from follow-on schedule check
