[2023-07-08T15:34:47.615+0000] {taskinstance.py:1103} INFO - Dependencies all met for dep_context=non-requeueable deps ti=<TaskInstance: csv_to_postgres_dag2.read_csv scheduled__2023-01-11T00:00:00+00:00 [queued]>
[2023-07-08T15:34:47.634+0000] {taskinstance.py:1103} INFO - Dependencies all met for dep_context=requeueable deps ti=<TaskInstance: csv_to_postgres_dag2.read_csv scheduled__2023-01-11T00:00:00+00:00 [queued]>
[2023-07-08T15:34:47.635+0000] {taskinstance.py:1308} INFO - Starting attempt 1 of 2
[2023-07-08T15:34:47.665+0000] {taskinstance.py:1327} INFO - Executing <Task(PythonOperator): read_csv> on 2023-01-11 00:00:00+00:00
[2023-07-08T15:34:47.677+0000] {standard_task_runner.py:57} INFO - Started process 129 to run task
[2023-07-08T15:34:47.685+0000] {standard_task_runner.py:84} INFO - Running: ['***', 'tasks', 'run', 'csv_to_postgres_dag2', 'read_csv', 'scheduled__2023-01-11T00:00:00+00:00', '--job-id', '95', '--raw', '--subdir', 'DAGS_FOLDER/etl.py', '--cfg-path', '/tmp/tmp3c5foey9']
[2023-07-08T15:34:47.689+0000] {standard_task_runner.py:85} INFO - Job 95: Subtask read_csv
[2023-07-08T15:34:47.799+0000] {task_command.py:410} INFO - Running <TaskInstance: csv_to_postgres_dag2.read_csv scheduled__2023-01-11T00:00:00+00:00 [running]> on host 9aa32a2a42d2
[2023-07-08T15:34:47.951+0000] {taskinstance.py:1547} INFO - Exporting env vars: AIRFLOW_CTX_DAG_OWNER='***' AIRFLOW_CTX_DAG_ID='csv_to_postgres_dag2' AIRFLOW_CTX_TASK_ID='read_csv' AIRFLOW_CTX_EXECUTION_DATE='2023-01-11T00:00:00+00:00' AIRFLOW_CTX_TRY_NUMBER='1' AIRFLOW_CTX_DAG_RUN_ID='scheduled__2023-01-11T00:00:00+00:00'
[2023-07-08T15:34:48.154+0000] {python.py:183} INFO - Done. Returned value was: None
[2023-07-08T15:34:48.167+0000] {taskinstance.py:1350} INFO - Marking task as SUCCESS. dag_id=csv_to_postgres_dag2, task_id=read_csv, execution_date=20230111T000000, start_date=20230708T153447, end_date=20230708T153448
[2023-07-08T15:34:48.339+0000] {local_task_job_runner.py:225} INFO - Task exited with return code 0
[2023-07-08T15:34:48.384+0000] {taskinstance.py:2653} INFO - 1 downstream tasks scheduled from follow-on schedule check
[2023-07-08T15:43:01.485+0000] {taskinstance.py:1103} INFO - Dependencies all met for dep_context=non-requeueable deps ti=<TaskInstance: csv_to_postgres_dag2.read_csv scheduled__2023-01-11T00:00:00+00:00 [queued]>
[2023-07-08T15:43:01.503+0000] {taskinstance.py:1103} INFO - Dependencies all met for dep_context=requeueable deps ti=<TaskInstance: csv_to_postgres_dag2.read_csv scheduled__2023-01-11T00:00:00+00:00 [queued]>
[2023-07-08T15:43:01.527+0000] {taskinstance.py:1308} INFO - Starting attempt 1 of 2
[2023-07-08T15:43:01.548+0000] {taskinstance.py:1327} INFO - Executing <Task(PythonOperator): read_csv> on 2023-01-11 00:00:00+00:00
[2023-07-08T15:43:01.560+0000] {standard_task_runner.py:57} INFO - Started process 134 to run task
[2023-07-08T15:43:01.564+0000] {standard_task_runner.py:84} INFO - Running: ['***', 'tasks', 'run', 'csv_to_postgres_dag2', 'read_csv', 'scheduled__2023-01-11T00:00:00+00:00', '--job-id', '146', '--raw', '--subdir', 'DAGS_FOLDER/etl.py', '--cfg-path', '/tmp/tmp2havmzm3']
[2023-07-08T15:43:01.570+0000] {standard_task_runner.py:85} INFO - Job 146: Subtask read_csv
[2023-07-08T15:43:01.690+0000] {task_command.py:410} INFO - Running <TaskInstance: csv_to_postgres_dag2.read_csv scheduled__2023-01-11T00:00:00+00:00 [running]> on host 9aa32a2a42d2
[2023-07-08T15:43:01.881+0000] {taskinstance.py:1547} INFO - Exporting env vars: AIRFLOW_CTX_DAG_OWNER='***' AIRFLOW_CTX_DAG_ID='csv_to_postgres_dag2' AIRFLOW_CTX_TASK_ID='read_csv' AIRFLOW_CTX_EXECUTION_DATE='2023-01-11T00:00:00+00:00' AIRFLOW_CTX_TRY_NUMBER='1' AIRFLOW_CTX_DAG_RUN_ID='scheduled__2023-01-11T00:00:00+00:00'
[2023-07-08T15:43:02.099+0000] {python.py:183} INFO - Done. Returned value was: None
[2023-07-08T15:43:02.112+0000] {taskinstance.py:1350} INFO - Marking task as SUCCESS. dag_id=csv_to_postgres_dag2, task_id=read_csv, execution_date=20230111T000000, start_date=20230708T154301, end_date=20230708T154302
[2023-07-08T15:43:02.141+0000] {local_task_job_runner.py:225} INFO - Task exited with return code 0
[2023-07-08T15:43:02.223+0000] {taskinstance.py:2653} INFO - 1 downstream tasks scheduled from follow-on schedule check
