[2023-07-08T15:34:48.425+0000] {taskinstance.py:1103} INFO - Dependencies all met for dep_context=non-requeueable deps ti=<TaskInstance: csv_to_postgres_dag2.read_csv scheduled__2023-01-13T00:00:00+00:00 [queued]>
[2023-07-08T15:34:48.438+0000] {taskinstance.py:1103} INFO - Dependencies all met for dep_context=requeueable deps ti=<TaskInstance: csv_to_postgres_dag2.read_csv scheduled__2023-01-13T00:00:00+00:00 [queued]>
[2023-07-08T15:34:48.439+0000] {taskinstance.py:1308} INFO - Starting attempt 1 of 2
[2023-07-08T15:34:48.545+0000] {taskinstance.py:1327} INFO - Executing <Task(PythonOperator): read_csv> on 2023-01-13 00:00:00+00:00
[2023-07-08T15:34:48.553+0000] {standard_task_runner.py:57} INFO - Started process 142 to run task
[2023-07-08T15:34:48.558+0000] {standard_task_runner.py:84} INFO - Running: ['***', 'tasks', 'run', 'csv_to_postgres_dag2', 'read_csv', 'scheduled__2023-01-13T00:00:00+00:00', '--job-id', '101', '--raw', '--subdir', 'DAGS_FOLDER/etl.py', '--cfg-path', '/tmp/tmplcu9ohbd']
[2023-07-08T15:34:48.561+0000] {standard_task_runner.py:85} INFO - Job 101: Subtask read_csv
[2023-07-08T15:34:48.636+0000] {task_command.py:410} INFO - Running <TaskInstance: csv_to_postgres_dag2.read_csv scheduled__2023-01-13T00:00:00+00:00 [running]> on host 9aa32a2a42d2
[2023-07-08T15:34:48.727+0000] {taskinstance.py:1547} INFO - Exporting env vars: AIRFLOW_CTX_DAG_OWNER='***' AIRFLOW_CTX_DAG_ID='csv_to_postgres_dag2' AIRFLOW_CTX_TASK_ID='read_csv' AIRFLOW_CTX_EXECUTION_DATE='2023-01-13T00:00:00+00:00' AIRFLOW_CTX_TRY_NUMBER='1' AIRFLOW_CTX_DAG_RUN_ID='scheduled__2023-01-13T00:00:00+00:00'
[2023-07-08T15:34:48.880+0000] {python.py:183} INFO - Done. Returned value was: None
[2023-07-08T15:34:48.891+0000] {taskinstance.py:1350} INFO - Marking task as SUCCESS. dag_id=csv_to_postgres_dag2, task_id=read_csv, execution_date=20230113T000000, start_date=20230708T153448, end_date=20230708T153448
[2023-07-08T15:34:49.051+0000] {local_task_job_runner.py:225} INFO - Task exited with return code 0
[2023-07-08T15:34:49.089+0000] {taskinstance.py:2653} INFO - 1 downstream tasks scheduled from follow-on schedule check
[2023-07-08T15:43:02.690+0000] {taskinstance.py:1103} INFO - Dependencies all met for dep_context=non-requeueable deps ti=<TaskInstance: csv_to_postgres_dag2.read_csv scheduled__2023-01-13T00:00:00+00:00 [queued]>
[2023-07-08T15:43:02.707+0000] {taskinstance.py:1103} INFO - Dependencies all met for dep_context=requeueable deps ti=<TaskInstance: csv_to_postgres_dag2.read_csv scheduled__2023-01-13T00:00:00+00:00 [queued]>
[2023-07-08T15:43:02.708+0000] {taskinstance.py:1308} INFO - Starting attempt 1 of 2
[2023-07-08T15:43:02.732+0000] {taskinstance.py:1327} INFO - Executing <Task(PythonOperator): read_csv> on 2023-01-13 00:00:00+00:00
[2023-07-08T15:43:02.741+0000] {standard_task_runner.py:57} INFO - Started process 173 to run task
[2023-07-08T15:43:02.749+0000] {standard_task_runner.py:84} INFO - Running: ['***', 'tasks', 'run', 'csv_to_postgres_dag2', 'read_csv', 'scheduled__2023-01-13T00:00:00+00:00', '--job-id', '157', '--raw', '--subdir', 'DAGS_FOLDER/etl.py', '--cfg-path', '/tmp/tmpizsd0y0b']
[2023-07-08T15:43:02.757+0000] {standard_task_runner.py:85} INFO - Job 157: Subtask read_csv
[2023-07-08T15:43:02.870+0000] {task_command.py:410} INFO - Running <TaskInstance: csv_to_postgres_dag2.read_csv scheduled__2023-01-13T00:00:00+00:00 [running]> on host 9aa32a2a42d2
[2023-07-08T15:43:03.039+0000] {taskinstance.py:1547} INFO - Exporting env vars: AIRFLOW_CTX_DAG_OWNER='***' AIRFLOW_CTX_DAG_ID='csv_to_postgres_dag2' AIRFLOW_CTX_TASK_ID='read_csv' AIRFLOW_CTX_EXECUTION_DATE='2023-01-13T00:00:00+00:00' AIRFLOW_CTX_TRY_NUMBER='1' AIRFLOW_CTX_DAG_RUN_ID='scheduled__2023-01-13T00:00:00+00:00'
[2023-07-08T15:43:03.252+0000] {python.py:183} INFO - Done. Returned value was: None
[2023-07-08T15:43:03.267+0000] {taskinstance.py:1350} INFO - Marking task as SUCCESS. dag_id=csv_to_postgres_dag2, task_id=read_csv, execution_date=20230113T000000, start_date=20230708T154302, end_date=20230708T154303
[2023-07-08T15:43:03.333+0000] {local_task_job_runner.py:225} INFO - Task exited with return code 0
[2023-07-08T15:43:03.386+0000] {taskinstance.py:2653} INFO - 1 downstream tasks scheduled from follow-on schedule check
