[2023-07-08T15:34:48.994+0000] {taskinstance.py:1103} INFO - Dependencies all met for dep_context=non-requeueable deps ti=<TaskInstance: csv_to_postgres_dag2.read_csv scheduled__2023-01-15T00:00:00+00:00 [queued]>
[2023-07-08T15:34:49.004+0000] {taskinstance.py:1103} INFO - Dependencies all met for dep_context=requeueable deps ti=<TaskInstance: csv_to_postgres_dag2.read_csv scheduled__2023-01-15T00:00:00+00:00 [queued]>
[2023-07-08T15:34:49.005+0000] {taskinstance.py:1308} INFO - Starting attempt 1 of 2
[2023-07-08T15:34:49.019+0000] {taskinstance.py:1327} INFO - Executing <Task(PythonOperator): read_csv> on 2023-01-15 00:00:00+00:00
[2023-07-08T15:34:49.025+0000] {standard_task_runner.py:57} INFO - Started process 151 to run task
[2023-07-08T15:34:49.029+0000] {standard_task_runner.py:84} INFO - Running: ['***', 'tasks', 'run', 'csv_to_postgres_dag2', 'read_csv', 'scheduled__2023-01-15T00:00:00+00:00', '--job-id', '104', '--raw', '--subdir', 'DAGS_FOLDER/etl.py', '--cfg-path', '/tmp/tmp_1gsep04']
[2023-07-08T15:34:49.033+0000] {standard_task_runner.py:85} INFO - Job 104: Subtask read_csv
[2023-07-08T15:34:49.125+0000] {task_command.py:410} INFO - Running <TaskInstance: csv_to_postgres_dag2.read_csv scheduled__2023-01-15T00:00:00+00:00 [running]> on host 9aa32a2a42d2
[2023-07-08T15:34:49.207+0000] {taskinstance.py:1547} INFO - Exporting env vars: AIRFLOW_CTX_DAG_OWNER='***' AIRFLOW_CTX_DAG_ID='csv_to_postgres_dag2' AIRFLOW_CTX_TASK_ID='read_csv' AIRFLOW_CTX_EXECUTION_DATE='2023-01-15T00:00:00+00:00' AIRFLOW_CTX_TRY_NUMBER='1' AIRFLOW_CTX_DAG_RUN_ID='scheduled__2023-01-15T00:00:00+00:00'
[2023-07-08T15:34:49.340+0000] {python.py:183} INFO - Done. Returned value was: None
[2023-07-08T15:34:49.349+0000] {taskinstance.py:1350} INFO - Marking task as SUCCESS. dag_id=csv_to_postgres_dag2, task_id=read_csv, execution_date=20230115T000000, start_date=20230708T153448, end_date=20230708T153449
[2023-07-08T15:34:49.402+0000] {local_task_job_runner.py:225} INFO - Task exited with return code 0
[2023-07-08T15:34:49.425+0000] {taskinstance.py:2653} INFO - 1 downstream tasks scheduled from follow-on schedule check
[2023-07-08T15:43:03.922+0000] {taskinstance.py:1103} INFO - Dependencies all met for dep_context=non-requeueable deps ti=<TaskInstance: csv_to_postgres_dag2.read_csv scheduled__2023-01-15T00:00:00+00:00 [queued]>
[2023-07-08T15:43:03.940+0000] {taskinstance.py:1103} INFO - Dependencies all met for dep_context=requeueable deps ti=<TaskInstance: csv_to_postgres_dag2.read_csv scheduled__2023-01-15T00:00:00+00:00 [queued]>
[2023-07-08T15:43:03.941+0000] {taskinstance.py:1308} INFO - Starting attempt 1 of 2
[2023-07-08T15:43:03.967+0000] {taskinstance.py:1327} INFO - Executing <Task(PythonOperator): read_csv> on 2023-01-15 00:00:00+00:00
[2023-07-08T15:43:03.976+0000] {standard_task_runner.py:57} INFO - Started process 197 to run task
[2023-07-08T15:43:03.982+0000] {standard_task_runner.py:84} INFO - Running: ['***', 'tasks', 'run', 'csv_to_postgres_dag2', 'read_csv', 'scheduled__2023-01-15T00:00:00+00:00', '--job-id', '165', '--raw', '--subdir', 'DAGS_FOLDER/etl.py', '--cfg-path', '/tmp/tmpe1_7bap7']
[2023-07-08T15:43:03.986+0000] {standard_task_runner.py:85} INFO - Job 165: Subtask read_csv
[2023-07-08T15:43:04.063+0000] {task_command.py:410} INFO - Running <TaskInstance: csv_to_postgres_dag2.read_csv scheduled__2023-01-15T00:00:00+00:00 [running]> on host 9aa32a2a42d2
[2023-07-08T15:43:04.157+0000] {taskinstance.py:1547} INFO - Exporting env vars: AIRFLOW_CTX_DAG_OWNER='***' AIRFLOW_CTX_DAG_ID='csv_to_postgres_dag2' AIRFLOW_CTX_TASK_ID='read_csv' AIRFLOW_CTX_EXECUTION_DATE='2023-01-15T00:00:00+00:00' AIRFLOW_CTX_TRY_NUMBER='1' AIRFLOW_CTX_DAG_RUN_ID='scheduled__2023-01-15T00:00:00+00:00'
[2023-07-08T15:43:04.346+0000] {python.py:183} INFO - Done. Returned value was: None
[2023-07-08T15:43:04.365+0000] {taskinstance.py:1350} INFO - Marking task as SUCCESS. dag_id=csv_to_postgres_dag2, task_id=read_csv, execution_date=20230115T000000, start_date=20230708T154303, end_date=20230708T154304
[2023-07-08T15:43:04.395+0000] {local_task_job_runner.py:225} INFO - Task exited with return code 0
[2023-07-08T15:43:04.443+0000] {taskinstance.py:2653} INFO - 1 downstream tasks scheduled from follow-on schedule check
