[2023-07-08T15:34:30.088+0000] {manager.py:487} INFO - Processing files using up to 2 processes at a time 
[2023-07-08T15:34:30.089+0000] {manager.py:488} INFO - Process each file at most once every 30 seconds
[2023-07-08T15:34:30.090+0000] {manager.py:490} INFO - Checking for new files in /opt/airflow/dags every 300 seconds
[2023-07-08T15:34:30.091+0000] {manager.py:758} INFO - Searching for files in /opt/airflow/dags
[2023-07-08T15:34:30.149+0000] {manager.py:761} INFO - There are 1 files in /opt/airflow/dags
[2023-07-08T15:34:30.244+0000] {manager.py:889} INFO - 
================================================================================
DAG File Processing Stats

File Path                   PID  Runtime      # DAGs    # Errors  Last Runtime    Last Run
------------------------  -----  ---------  --------  ----------  --------------  ----------
/opt/airflow/dags/etl.py     31  0.04s             0           0
================================================================================
[2023-07-08T15:35:00.529+0000] {manager.py:889} INFO - 
================================================================================
DAG File Processing Stats

File Path                 PID    Runtime      # DAGs    # Errors  Last Runtime    Last Run
------------------------  -----  ---------  --------  ----------  --------------  -------------------
/opt/airflow/dags/etl.py                           1           0  0.75s           2023-07-08T15:34:30
================================================================================
[2023-07-08T15:35:30.872+0000] {manager.py:889} INFO - 
================================================================================
DAG File Processing Stats

File Path                 PID    Runtime      # DAGs    # Errors  Last Runtime    Last Run
------------------------  -----  ---------  --------  ----------  --------------  -------------------
/opt/airflow/dags/etl.py                           1           0  0.57s           2023-07-08T15:35:01
================================================================================
[2023-07-08T15:36:01.403+0000] {manager.py:889} INFO - 
================================================================================
DAG File Processing Stats

File Path                 PID    Runtime      # DAGs    # Errors  Last Runtime    Last Run
------------------------  -----  ---------  --------  ----------  --------------  -------------------
/opt/airflow/dags/etl.py                           1           0  0.58s           2023-07-08T15:35:32
================================================================================
[2023-07-08T15:36:31.623+0000] {manager.py:889} INFO - 
================================================================================
DAG File Processing Stats

File Path                 PID    Runtime      # DAGs    # Errors  Last Runtime    Last Run
------------------------  -----  ---------  --------  ----------  --------------  -------------------
/opt/airflow/dags/etl.py                           1           0  0.52s           2023-07-08T15:36:03
================================================================================
[2023-07-08T15:37:02.429+0000] {manager.py:889} INFO - 
================================================================================
DAG File Processing Stats

File Path                 PID    Runtime      # DAGs    # Errors  Last Runtime    Last Run
------------------------  -----  ---------  --------  ----------  --------------  -------------------
/opt/airflow/dags/etl.py                           1           0  0.59s           2023-07-08T15:36:34
================================================================================
[2023-07-08T15:37:29.985+0000] {manager.py:470} INFO - Exiting gracefully upon receiving signal 15
[2023-07-08T15:38:13.601+0000] {manager.py:487} INFO - Processing files using up to 2 processes at a time 
[2023-07-08T15:38:13.602+0000] {manager.py:488} INFO - Process each file at most once every 30 seconds
[2023-07-08T15:38:13.603+0000] {manager.py:490} INFO - Checking for new files in /opt/airflow/dags every 300 seconds
[2023-07-08T15:38:13.604+0000] {manager.py:758} INFO - Searching for files in /opt/airflow/dags
[2023-07-08T15:38:13.674+0000] {manager.py:761} INFO - There are 1 files in /opt/airflow/dags
[2023-07-08T15:38:13.753+0000] {manager.py:889} INFO - 
================================================================================
DAG File Processing Stats

File Path                   PID  Runtime      # DAGs    # Errors  Last Runtime    Last Run
------------------------  -----  ---------  --------  ----------  --------------  ----------
/opt/airflow/dags/etl.py     31  0.03s             0           0
================================================================================
[2023-07-08T15:38:43.993+0000] {manager.py:889} INFO - 
================================================================================
DAG File Processing Stats

File Path                 PID    Runtime      # DAGs    # Errors  Last Runtime    Last Run
------------------------  -----  ---------  --------  ----------  --------------  -------------------
/opt/airflow/dags/etl.py                           1           0  0.69s           2023-07-08T15:38:14
================================================================================
[2023-07-08T15:39:14.270+0000] {manager.py:889} INFO - 
================================================================================
DAG File Processing Stats

File Path                 PID    Runtime      # DAGs    # Errors  Last Runtime    Last Run
------------------------  -----  ---------  --------  ----------  --------------  -------------------
/opt/airflow/dags/etl.py                           1           0  0.68s           2023-07-08T15:38:45
================================================================================
[2023-07-08T15:39:44.460+0000] {manager.py:889} INFO - 
================================================================================
DAG File Processing Stats

File Path                 PID    Runtime      # DAGs    # Errors  Last Runtime    Last Run
------------------------  -----  ---------  --------  ----------  --------------  -------------------
/opt/airflow/dags/etl.py                           1           0  0.53s           2023-07-08T15:39:16
================================================================================
[2023-07-08T15:40:15.150+0000] {manager.py:889} INFO - 
================================================================================
DAG File Processing Stats

File Path                 PID    Runtime      # DAGs    # Errors  Last Runtime    Last Run
------------------------  -----  ---------  --------  ----------  --------------  -------------------
/opt/airflow/dags/etl.py                           1           0  0.54s           2023-07-08T15:39:47
================================================================================
[2023-07-08T15:40:43.344+0000] {manager.py:470} INFO - Exiting gracefully upon receiving signal 15
[2023-07-08T15:42:23.178+0000] {manager.py:487} INFO - Processing files using up to 2 processes at a time 
[2023-07-08T15:42:23.179+0000] {manager.py:488} INFO - Process each file at most once every 30 seconds
[2023-07-08T15:42:23.180+0000] {manager.py:490} INFO - Checking for new files in /opt/airflow/dags every 300 seconds
[2023-07-08T15:42:23.181+0000] {manager.py:758} INFO - Searching for files in /opt/airflow/dags
[2023-07-08T15:42:23.250+0000] {manager.py:761} INFO - There are 1 files in /opt/airflow/dags
[2023-07-08T15:42:23.338+0000] {manager.py:889} INFO - 
================================================================================
DAG File Processing Stats

File Path                   PID  Runtime      # DAGs    # Errors  Last Runtime    Last Run
------------------------  -----  ---------  --------  ----------  --------------  ----------
/opt/airflow/dags/etl.py     31  0.04s             0           0
================================================================================
[2023-07-08T15:42:53.632+0000] {manager.py:889} INFO - 
================================================================================
DAG File Processing Stats

File Path                 PID    Runtime      # DAGs    # Errors  Last Runtime    Last Run
------------------------  -----  ---------  --------  ----------  --------------  -------------------
/opt/airflow/dags/etl.py                           1           0  0.67s           2023-07-08T15:42:23
================================================================================
[2023-07-08T15:43:23.903+0000] {manager.py:889} INFO - 
================================================================================
DAG File Processing Stats

File Path                 PID    Runtime      # DAGs    # Errors  Last Runtime    Last Run
------------------------  -----  ---------  --------  ----------  --------------  -------------------
/opt/airflow/dags/etl.py                           1           0  0.57s           2023-07-08T15:42:54
================================================================================
[2023-07-08T15:43:54.463+0000] {manager.py:889} INFO - 
================================================================================
DAG File Processing Stats

File Path                 PID    Runtime      # DAGs    # Errors  Last Runtime    Last Run
------------------------  -----  ---------  --------  ----------  --------------  -------------------
/opt/airflow/dags/etl.py                           1           0  0.55s           2023-07-08T15:43:25
================================================================================
[2023-07-08T15:44:24.616+0000] {manager.py:889} INFO - 
================================================================================
DAG File Processing Stats

File Path                 PID    Runtime      # DAGs    # Errors  Last Runtime    Last Run
------------------------  -----  ---------  --------  ----------  --------------  -------------------
/opt/airflow/dags/etl.py                           1           0  0.53s           2023-07-08T15:43:56
================================================================================
