[2023-07-08T15:34:45.608+0000] {taskinstance.py:1103} INFO - Dependencies all met for dep_context=non-requeueable deps ti=<TaskInstance: csv_to_postgres_dag2.read_csv scheduled__2023-01-04T00:00:00+00:00 [queued]>
[2023-07-08T15:34:45.624+0000] {taskinstance.py:1103} INFO - Dependencies all met for dep_context=requeueable deps ti=<TaskInstance: csv_to_postgres_dag2.read_csv scheduled__2023-01-04T00:00:00+00:00 [queued]>
[2023-07-08T15:34:45.625+0000] {taskinstance.py:1308} INFO - Starting attempt 1 of 2
[2023-07-08T15:34:45.647+0000] {taskinstance.py:1327} INFO - Executing <Task(PythonOperator): read_csv> on 2023-01-04 00:00:00+00:00
[2023-07-08T15:34:45.655+0000] {standard_task_runner.py:57} INFO - Started process 87 to run task
[2023-07-08T15:34:45.661+0000] {standard_task_runner.py:84} INFO - Running: ['***', 'tasks', 'run', 'csv_to_postgres_dag2', 'read_csv', 'scheduled__2023-01-04T00:00:00+00:00', '--job-id', '82', '--raw', '--subdir', 'DAGS_FOLDER/etl.py', '--cfg-path', '/tmp/tmp1hw_120e']
[2023-07-08T15:34:45.665+0000] {standard_task_runner.py:85} INFO - Job 82: Subtask read_csv
[2023-07-08T15:34:45.738+0000] {task_command.py:410} INFO - Running <TaskInstance: csv_to_postgres_dag2.read_csv scheduled__2023-01-04T00:00:00+00:00 [running]> on host 9aa32a2a42d2
[2023-07-08T15:34:45.835+0000] {taskinstance.py:1547} INFO - Exporting env vars: AIRFLOW_CTX_DAG_OWNER='***' AIRFLOW_CTX_DAG_ID='csv_to_postgres_dag2' AIRFLOW_CTX_TASK_ID='read_csv' AIRFLOW_CTX_EXECUTION_DATE='2023-01-04T00:00:00+00:00' AIRFLOW_CTX_TRY_NUMBER='1' AIRFLOW_CTX_DAG_RUN_ID='scheduled__2023-01-04T00:00:00+00:00'
[2023-07-08T15:34:45.999+0000] {python.py:183} INFO - Done. Returned value was: None
[2023-07-08T15:34:46.015+0000] {taskinstance.py:1350} INFO - Marking task as SUCCESS. dag_id=csv_to_postgres_dag2, task_id=read_csv, execution_date=20230104T000000, start_date=20230708T153445, end_date=20230708T153446
[2023-07-08T15:34:46.074+0000] {local_task_job_runner.py:225} INFO - Task exited with return code 0
[2023-07-08T15:34:46.224+0000] {taskinstance.py:2653} INFO - 0 downstream tasks scheduled from follow-on schedule check
[2023-07-08T15:42:59.673+0000] {taskinstance.py:1103} INFO - Dependencies all met for dep_context=non-requeueable deps ti=<TaskInstance: csv_to_postgres_dag2.read_csv scheduled__2023-01-04T00:00:00+00:00 [queued]>
[2023-07-08T15:42:59.688+0000] {taskinstance.py:1103} INFO - Dependencies all met for dep_context=requeueable deps ti=<TaskInstance: csv_to_postgres_dag2.read_csv scheduled__2023-01-04T00:00:00+00:00 [queued]>
[2023-07-08T15:42:59.689+0000] {taskinstance.py:1308} INFO - Starting attempt 1 of 2
[2023-07-08T15:42:59.713+0000] {taskinstance.py:1327} INFO - Executing <Task(PythonOperator): read_csv> on 2023-01-04 00:00:00+00:00
[2023-07-08T15:42:59.720+0000] {standard_task_runner.py:57} INFO - Started process 96 to run task
[2023-07-08T15:42:59.724+0000] {standard_task_runner.py:84} INFO - Running: ['***', 'tasks', 'run', 'csv_to_postgres_dag2', 'read_csv', 'scheduled__2023-01-04T00:00:00+00:00', '--job-id', '134', '--raw', '--subdir', 'DAGS_FOLDER/etl.py', '--cfg-path', '/tmp/tmppkk360w9']
[2023-07-08T15:42:59.729+0000] {standard_task_runner.py:85} INFO - Job 134: Subtask read_csv
[2023-07-08T15:42:59.804+0000] {task_command.py:410} INFO - Running <TaskInstance: csv_to_postgres_dag2.read_csv scheduled__2023-01-04T00:00:00+00:00 [running]> on host 9aa32a2a42d2
[2023-07-08T15:42:59.911+0000] {taskinstance.py:1547} INFO - Exporting env vars: AIRFLOW_CTX_DAG_OWNER='***' AIRFLOW_CTX_DAG_ID='csv_to_postgres_dag2' AIRFLOW_CTX_TASK_ID='read_csv' AIRFLOW_CTX_EXECUTION_DATE='2023-01-04T00:00:00+00:00' AIRFLOW_CTX_TRY_NUMBER='1' AIRFLOW_CTX_DAG_RUN_ID='scheduled__2023-01-04T00:00:00+00:00'
[2023-07-08T15:43:00.087+0000] {python.py:183} INFO - Done. Returned value was: None
[2023-07-08T15:43:00.101+0000] {taskinstance.py:1350} INFO - Marking task as SUCCESS. dag_id=csv_to_postgres_dag2, task_id=read_csv, execution_date=20230104T000000, start_date=20230708T154259, end_date=20230708T154300
[2023-07-08T15:43:00.138+0000] {local_task_job_runner.py:225} INFO - Task exited with return code 0
[2023-07-08T15:43:00.177+0000] {taskinstance.py:2653} INFO - 1 downstream tasks scheduled from follow-on schedule check
