[2023-07-08T15:34:46.557+0000] {taskinstance.py:1103} INFO - Dependencies all met for dep_context=non-requeueable deps ti=<TaskInstance: csv_to_postgres_dag2.read_csv scheduled__2023-01-08T00:00:00+00:00 [queued]>
[2023-07-08T15:34:46.572+0000] {taskinstance.py:1103} INFO - Dependencies all met for dep_context=requeueable deps ti=<TaskInstance: csv_to_postgres_dag2.read_csv scheduled__2023-01-08T00:00:00+00:00 [queued]>
[2023-07-08T15:34:46.572+0000] {taskinstance.py:1308} INFO - Starting attempt 1 of 2
[2023-07-08T15:34:46.598+0000] {taskinstance.py:1327} INFO - Executing <Task(PythonOperator): read_csv> on 2023-01-08 00:00:00+00:00
[2023-07-08T15:34:46.606+0000] {standard_task_runner.py:57} INFO - Started process 107 to run task
[2023-07-08T15:34:46.613+0000] {standard_task_runner.py:84} INFO - Running: ['***', 'tasks', 'run', 'csv_to_postgres_dag2', 'read_csv', 'scheduled__2023-01-08T00:00:00+00:00', '--job-id', '86', '--raw', '--subdir', 'DAGS_FOLDER/etl.py', '--cfg-path', '/tmp/tmprw_ztooj']
[2023-07-08T15:34:46.617+0000] {standard_task_runner.py:85} INFO - Job 86: Subtask read_csv
[2023-07-08T15:34:46.697+0000] {task_command.py:410} INFO - Running <TaskInstance: csv_to_postgres_dag2.read_csv scheduled__2023-01-08T00:00:00+00:00 [running]> on host 9aa32a2a42d2
[2023-07-08T15:34:46.819+0000] {taskinstance.py:1547} INFO - Exporting env vars: AIRFLOW_CTX_DAG_OWNER='***' AIRFLOW_CTX_DAG_ID='csv_to_postgres_dag2' AIRFLOW_CTX_TASK_ID='read_csv' AIRFLOW_CTX_EXECUTION_DATE='2023-01-08T00:00:00+00:00' AIRFLOW_CTX_TRY_NUMBER='1' AIRFLOW_CTX_DAG_RUN_ID='scheduled__2023-01-08T00:00:00+00:00'
[2023-07-08T15:34:47.002+0000] {python.py:183} INFO - Done. Returned value was: None
[2023-07-08T15:34:47.013+0000] {taskinstance.py:1350} INFO - Marking task as SUCCESS. dag_id=csv_to_postgres_dag2, task_id=read_csv, execution_date=20230108T000000, start_date=20230708T153446, end_date=20230708T153447
[2023-07-08T15:34:47.064+0000] {local_task_job_runner.py:225} INFO - Task exited with return code 0
[2023-07-08T15:34:47.102+0000] {taskinstance.py:2653} INFO - 1 downstream tasks scheduled from follow-on schedule check
[2023-07-08T15:43:00.587+0000] {taskinstance.py:1103} INFO - Dependencies all met for dep_context=non-requeueable deps ti=<TaskInstance: csv_to_postgres_dag2.read_csv scheduled__2023-01-08T00:00:00+00:00 [queued]>
[2023-07-08T15:43:00.604+0000] {taskinstance.py:1103} INFO - Dependencies all met for dep_context=requeueable deps ti=<TaskInstance: csv_to_postgres_dag2.read_csv scheduled__2023-01-08T00:00:00+00:00 [queued]>
[2023-07-08T15:43:00.605+0000] {taskinstance.py:1308} INFO - Starting attempt 1 of 2
[2023-07-08T15:43:00.629+0000] {taskinstance.py:1327} INFO - Executing <Task(PythonOperator): read_csv> on 2023-01-08 00:00:00+00:00
[2023-07-08T15:43:00.637+0000] {standard_task_runner.py:57} INFO - Started process 115 to run task
[2023-07-08T15:43:00.643+0000] {standard_task_runner.py:84} INFO - Running: ['***', 'tasks', 'run', 'csv_to_postgres_dag2', 'read_csv', 'scheduled__2023-01-08T00:00:00+00:00', '--job-id', '138', '--raw', '--subdir', 'DAGS_FOLDER/etl.py', '--cfg-path', '/tmp/tmpda3c61wh']
[2023-07-08T15:43:00.646+0000] {standard_task_runner.py:85} INFO - Job 138: Subtask read_csv
[2023-07-08T15:43:00.726+0000] {task_command.py:410} INFO - Running <TaskInstance: csv_to_postgres_dag2.read_csv scheduled__2023-01-08T00:00:00+00:00 [running]> on host 9aa32a2a42d2
[2023-07-08T15:43:00.848+0000] {taskinstance.py:1547} INFO - Exporting env vars: AIRFLOW_CTX_DAG_OWNER='***' AIRFLOW_CTX_DAG_ID='csv_to_postgres_dag2' AIRFLOW_CTX_TASK_ID='read_csv' AIRFLOW_CTX_EXECUTION_DATE='2023-01-08T00:00:00+00:00' AIRFLOW_CTX_TRY_NUMBER='1' AIRFLOW_CTX_DAG_RUN_ID='scheduled__2023-01-08T00:00:00+00:00'
[2023-07-08T15:43:01.012+0000] {python.py:183} INFO - Done. Returned value was: None
[2023-07-08T15:43:01.023+0000] {taskinstance.py:1350} INFO - Marking task as SUCCESS. dag_id=csv_to_postgres_dag2, task_id=read_csv, execution_date=20230108T000000, start_date=20230708T154300, end_date=20230708T154301
[2023-07-08T15:43:01.055+0000] {local_task_job_runner.py:225} INFO - Task exited with return code 0
[2023-07-08T15:43:01.132+0000] {taskinstance.py:2653} INFO - 1 downstream tasks scheduled from follow-on schedule check
